[2025-01-12T18:17:30.654+0000] {manager.py:483} INFO - Processing files using up to 2 processes at a time 
[2025-01-12T18:17:30.660+0000] {manager.py:484} INFO - Process each file at most once every 30 seconds
[2025-01-12T18:17:30.664+0000] {manager.py:485} INFO - Checking for new files in /opt/airflow/dags every 300 seconds
[2025-01-12T18:17:30.666+0000] {manager.py:821} INFO - Searching for files in /opt/airflow/dags
[2025-01-12T18:17:30.691+0000] {manager.py:483} INFO - Processing files using up to 2 processes at a time 
[2025-01-12T18:17:30.700+0000] {manager.py:484} INFO - Process each file at most once every 30 seconds
[2025-01-12T18:17:30.707+0000] {manager.py:485} INFO - Checking for new files in /opt/airflow/dags every 300 seconds
[2025-01-12T18:17:30.710+0000] {manager.py:821} INFO - Searching for files in /opt/airflow/dags
[2025-01-12T18:17:31.278+0000] {manager.py:824} INFO - There are 1 files in /opt/airflow/dags
[2025-01-12T18:17:31.279+0000] {manager.py:824} INFO - There are 1 files in /opt/airflow/dags
[2025-01-12T18:17:31.548+0000] {manager.py:997} INFO - 
================================================================================
DAG File Processing Stats

File Path                                 PID  Runtime      # DAGs    # Errors  Last Runtime    Last Run      Last # of DB Queries
--------------------------------------  -----  ---------  --------  ----------  --------------  ----------  ----------------------
/opt/airflow/dags/utils/train_model.py    165  0.10s             0           0                                                   0
================================================================================
[2025-01-12T18:17:31.564+0000] {manager.py:997} INFO - 
================================================================================
DAG File Processing Stats

File Path                                 PID  Runtime      # DAGs    # Errors  Last Runtime    Last Run      Last # of DB Queries
--------------------------------------  -----  ---------  --------  ----------  --------------  ----------  ----------------------
/opt/airflow/dags/utils/train_model.py    165  0.11s             0           0                                                   0
================================================================================
[2025-01-12T18:18:02.050+0000] {manager.py:997} INFO - 
================================================================================
DAG File Processing Stats

File Path                               PID    Runtime      # DAGs    # Errors  Last Runtime    Last Run               Last # of DB Queries
--------------------------------------  -----  ---------  --------  ----------  --------------  -------------------  ----------------------
/opt/airflow/dags/utils/train_model.py                           0           1  11.92s          2025-01-12T18:17:43                       3
================================================================================
[2025-01-12T18:18:02.052+0000] {manager.py:997} INFO - 
================================================================================
DAG File Processing Stats

File Path                               PID    Runtime      # DAGs    # Errors  Last Runtime    Last Run               Last # of DB Queries
--------------------------------------  -----  ---------  --------  ----------  --------------  -------------------  ----------------------
/opt/airflow/dags/utils/train_model.py                           0           1  11.88s          2025-01-12T18:17:43                       3
================================================================================
[2025-01-12T18:18:32.220+0000] {manager.py:997} INFO - 
================================================================================
DAG File Processing Stats

File Path                               PID    Runtime      # DAGs    # Errors  Last Runtime    Last Run               Last # of DB Queries
--------------------------------------  -----  ---------  --------  ----------  --------------  -------------------  ----------------------
/opt/airflow/dags/utils/train_model.py                           0           1  3.20s           2025-01-12T18:18:16                       5
================================================================================
[2025-01-12T18:18:32.221+0000] {manager.py:997} INFO - 
================================================================================
DAG File Processing Stats

File Path                               PID    Runtime      # DAGs    # Errors  Last Runtime    Last Run               Last # of DB Queries
--------------------------------------  -----  ---------  --------  ----------  --------------  -------------------  ----------------------
/opt/airflow/dags/utils/train_model.py                           0           1  3.21s           2025-01-12T18:18:16                       5
================================================================================
[2025-01-12T18:19:02.628+0000] {manager.py:997} INFO - 
================================================================================
DAG File Processing Stats

File Path                               PID    Runtime      # DAGs    # Errors  Last Runtime    Last Run               Last # of DB Queries
--------------------------------------  -----  ---------  --------  ----------  --------------  -------------------  ----------------------
/opt/airflow/dags/utils/train_model.py                           0           1  2.70s           2025-01-12T18:18:49                       5
================================================================================
[2025-01-12T18:19:02.630+0000] {manager.py:997} INFO - 
================================================================================
DAG File Processing Stats

File Path                               PID    Runtime      # DAGs    # Errors  Last Runtime    Last Run               Last # of DB Queries
--------------------------------------  -----  ---------  --------  ----------  --------------  -------------------  ----------------------
/opt/airflow/dags/utils/train_model.py                           0           1  2.69s           2025-01-12T18:18:49                       5
================================================================================
[2025-01-12T18:19:33.002+0000] {manager.py:997} INFO - 
================================================================================
DAG File Processing Stats

File Path                               PID    Runtime      # DAGs    # Errors  Last Runtime    Last Run               Last # of DB Queries
--------------------------------------  -----  ---------  --------  ----------  --------------  -------------------  ----------------------
/opt/airflow/dags/utils/train_model.py                           0           1  3.31s           2025-01-12T18:19:23                       5
================================================================================
[2025-01-12T18:19:33.368+0000] {manager.py:997} INFO - 
================================================================================
DAG File Processing Stats

File Path                               PID    Runtime      # DAGs    # Errors  Last Runtime    Last Run               Last # of DB Queries
--------------------------------------  -----  ---------  --------  ----------  --------------  -------------------  ----------------------
/opt/airflow/dags/utils/train_model.py                           0           1  3.20s           2025-01-12T18:19:23                       5
================================================================================
[2025-01-12T18:20:03.467+0000] {manager.py:997} INFO - 
================================================================================
DAG File Processing Stats

File Path                               PID    Runtime      # DAGs    # Errors  Last Runtime    Last Run               Last # of DB Queries
--------------------------------------  -----  ---------  --------  ----------  --------------  -------------------  ----------------------
/opt/airflow/dags/utils/train_model.py                           0           1  3.18s           2025-01-12T18:19:56                       5
================================================================================
[2025-01-12T18:20:03.775+0000] {manager.py:997} INFO - 
================================================================================
DAG File Processing Stats

File Path                               PID    Runtime      # DAGs    # Errors  Last Runtime    Last Run               Last # of DB Queries
--------------------------------------  -----  ---------  --------  ----------  --------------  -------------------  ----------------------
/opt/airflow/dags/utils/train_model.py                           0           1  3.13s           2025-01-12T18:19:56                       5
================================================================================
[2025-01-12T18:20:33.699+0000] {manager.py:997} INFO - 
================================================================================
DAG File Processing Stats

File Path                               PID    Runtime      # DAGs    # Errors  Last Runtime    Last Run               Last # of DB Queries
--------------------------------------  -----  ---------  --------  ----------  --------------  -------------------  ----------------------
/opt/airflow/dags/utils/train_model.py                           0           1  2.87s           2025-01-12T18:20:29                       5
================================================================================
[2025-01-12T18:20:34.008+0000] {manager.py:997} INFO - 
================================================================================
DAG File Processing Stats

File Path                               PID    Runtime      # DAGs    # Errors  Last Runtime    Last Run               Last # of DB Queries
--------------------------------------  -----  ---------  --------  ----------  --------------  -------------------  ----------------------
/opt/airflow/dags/utils/train_model.py                           0           1  2.70s           2025-01-12T18:20:29                       5
================================================================================
[2025-01-12T18:21:03.913+0000] {manager.py:997} INFO - 
================================================================================
DAG File Processing Stats

File Path                               PID    Runtime      # DAGs    # Errors  Last Runtime    Last Run               Last # of DB Queries
--------------------------------------  -----  ---------  --------  ----------  --------------  -------------------  ----------------------
/opt/airflow/dags/utils/train_model.py                           0           1  2.85s           2025-01-12T18:21:02                       5
================================================================================
[2025-01-12T18:21:04.229+0000] {manager.py:997} INFO - 
================================================================================
DAG File Processing Stats

File Path                               PID    Runtime      # DAGs    # Errors  Last Runtime    Last Run               Last # of DB Queries
--------------------------------------  -----  ---------  --------  ----------  --------------  -------------------  ----------------------
/opt/airflow/dags/utils/train_model.py                           0           1  2.77s           2025-01-12T18:21:03                       5
================================================================================
[2025-01-12T18:21:34.259+0000] {manager.py:997} INFO - 
================================================================================
DAG File Processing Stats

File Path                                 PID  Runtime      # DAGs    # Errors  Last Runtime    Last Run               Last # of DB Queries
--------------------------------------  -----  ---------  --------  ----------  --------------  -------------------  ----------------------
/opt/airflow/dags/utils/train_model.py    360  1.01s             0           1  2.85s           2025-01-12T18:21:02                       5
================================================================================
[2025-01-12T18:21:34.637+0000] {manager.py:997} INFO - 
================================================================================
DAG File Processing Stats

File Path                                 PID  Runtime      # DAGs    # Errors  Last Runtime    Last Run               Last # of DB Queries
--------------------------------------  -----  ---------  --------  ----------  --------------  -------------------  ----------------------
/opt/airflow/dags/utils/train_model.py    310  1.01s             0           1  2.77s           2025-01-12T18:21:03                       5
================================================================================
[2025-01-12T18:22:04.968+0000] {manager.py:997} INFO - 
================================================================================
DAG File Processing Stats

File Path                               PID    Runtime      # DAGs    # Errors  Last Runtime    Last Run               Last # of DB Queries
--------------------------------------  -----  ---------  --------  ----------  --------------  -------------------  ----------------------
/opt/airflow/dags/utils/train_model.py                           0           1  2.53s           2025-01-12T18:21:36                       5
================================================================================
[2025-01-12T18:22:04.970+0000] {manager.py:997} INFO - 
================================================================================
DAG File Processing Stats

File Path                               PID    Runtime      # DAGs    # Errors  Last Runtime    Last Run               Last # of DB Queries
--------------------------------------  -----  ---------  --------  ----------  --------------  -------------------  ----------------------
/opt/airflow/dags/utils/train_model.py                           0           1  2.63s           2025-01-12T18:21:35                       5
================================================================================
[2025-01-12T18:22:30.905+0000] {manager.py:821} INFO - Searching for files in /opt/airflow/dags
[2025-01-12T18:22:31.024+0000] {manager.py:824} INFO - There are 1 files in /opt/airflow/dags
[2025-01-12T18:22:31.380+0000] {manager.py:821} INFO - Searching for files in /opt/airflow/dags
[2025-01-12T18:22:31.507+0000] {manager.py:824} INFO - There are 1 files in /opt/airflow/dags
[2025-01-12T18:22:35.092+0000] {manager.py:997} INFO - 
================================================================================
DAG File Processing Stats

File Path                               PID    Runtime      # DAGs    # Errors  Last Runtime    Last Run               Last # of DB Queries
--------------------------------------  -----  ---------  --------  ----------  --------------  -------------------  ----------------------
/opt/airflow/dags/utils/train_model.py                           0           1  3.00s           2025-01-12T18:22:09                       5
================================================================================
[2025-01-12T18:22:35.565+0000] {manager.py:997} INFO - 
================================================================================
DAG File Processing Stats

File Path                               PID    Runtime      # DAGs    # Errors  Last Runtime    Last Run               Last # of DB Queries
--------------------------------------  -----  ---------  --------  ----------  --------------  -------------------  ----------------------
/opt/airflow/dags/utils/train_model.py                           0           1  3.26s           2025-01-12T18:22:09                       5
================================================================================
[2025-01-12T18:23:05.448+0000] {manager.py:997} INFO - 
================================================================================
DAG File Processing Stats

File Path                               PID    Runtime      # DAGs    # Errors  Last Runtime    Last Run               Last # of DB Queries
--------------------------------------  -----  ---------  --------  ----------  --------------  -------------------  ----------------------
/opt/airflow/dags/utils/train_model.py                           0           1  2.97s           2025-01-12T18:22:43                       5
================================================================================
[2025-01-12T18:23:05.832+0000] {manager.py:997} INFO - 
================================================================================
DAG File Processing Stats

File Path                               PID    Runtime      # DAGs    # Errors  Last Runtime    Last Run               Last # of DB Queries
--------------------------------------  -----  ---------  --------  ----------  --------------  -------------------  ----------------------
/opt/airflow/dags/utils/train_model.py                           0           1  2.94s           2025-01-12T18:22:42                       5
================================================================================
[2025-01-12T18:23:35.882+0000] {manager.py:997} INFO - 
================================================================================
DAG File Processing Stats

File Path                               PID    Runtime      # DAGs    # Errors  Last Runtime    Last Run               Last # of DB Queries
--------------------------------------  -----  ---------  --------  ----------  --------------  -------------------  ----------------------
/opt/airflow/dags/utils/train_model.py                           0           1  2.66s           2025-01-12T18:23:15                       5
================================================================================
[2025-01-12T18:23:36.220+0000] {manager.py:997} INFO - 
================================================================================
DAG File Processing Stats

File Path                               PID    Runtime      # DAGs    # Errors  Last Runtime    Last Run               Last # of DB Queries
--------------------------------------  -----  ---------  --------  ----------  --------------  -------------------  ----------------------
/opt/airflow/dags/utils/train_model.py                           0           1  2.61s           2025-01-12T18:23:16                       5
================================================================================
[2025-01-12T18:24:05.901+0000] {manager.py:997} INFO - 
================================================================================
DAG File Processing Stats

File Path                               PID    Runtime      # DAGs    # Errors  Last Runtime    Last Run               Last # of DB Queries
--------------------------------------  -----  ---------  --------  ----------  --------------  -------------------  ----------------------
/opt/airflow/dags/utils/train_model.py                           0           1  2.59s           2025-01-12T18:23:48                       5
================================================================================
[2025-01-12T18:24:06.781+0000] {manager.py:997} INFO - 
================================================================================
DAG File Processing Stats

File Path                               PID    Runtime      # DAGs    # Errors  Last Runtime    Last Run               Last # of DB Queries
--------------------------------------  -----  ---------  --------  ----------  --------------  -------------------  ----------------------
/opt/airflow/dags/utils/train_model.py                           0           1  2.54s           2025-01-12T18:23:48                       5
================================================================================
[2025-01-12T18:24:36.278+0000] {manager.py:997} INFO - 
================================================================================
DAG File Processing Stats

File Path                               PID    Runtime      # DAGs    # Errors  Last Runtime    Last Run               Last # of DB Queries
--------------------------------------  -----  ---------  --------  ----------  --------------  -------------------  ----------------------
/opt/airflow/dags/utils/train_model.py                           0           1  3.55s           2025-01-12T18:24:22                       5
================================================================================
[2025-01-12T18:24:37.447+0000] {manager.py:997} INFO - 
================================================================================
DAG File Processing Stats

File Path                               PID    Runtime      # DAGs    # Errors  Last Runtime    Last Run               Last # of DB Queries
--------------------------------------  -----  ---------  --------  ----------  --------------  -------------------  ----------------------
/opt/airflow/dags/utils/train_model.py                           0           1  3.51s           2025-01-12T18:24:22                       5
================================================================================
[2025-01-12T18:25:06.510+0000] {manager.py:997} INFO - 
================================================================================
DAG File Processing Stats

File Path                               PID    Runtime      # DAGs    # Errors  Last Runtime    Last Run               Last # of DB Queries
--------------------------------------  -----  ---------  --------  ----------  --------------  -------------------  ----------------------
/opt/airflow/dags/utils/train_model.py                           0           1  2.83s           2025-01-12T18:24:55                       5
================================================================================
[2025-01-12T18:25:07.901+0000] {manager.py:997} INFO - 
================================================================================
DAG File Processing Stats

File Path                               PID    Runtime      # DAGs    # Errors  Last Runtime    Last Run               Last # of DB Queries
--------------------------------------  -----  ---------  --------  ----------  --------------  -------------------  ----------------------
/opt/airflow/dags/utils/train_model.py                           0           1  2.79s           2025-01-12T18:24:55                       5
================================================================================
[2025-01-12T18:25:36.555+0000] {manager.py:997} INFO - 
================================================================================
DAG File Processing Stats

File Path                               PID    Runtime      # DAGs    # Errors  Last Runtime    Last Run               Last # of DB Queries
--------------------------------------  -----  ---------  --------  ----------  --------------  -------------------  ----------------------
/opt/airflow/dags/utils/train_model.py                           0           1  2.72s           2025-01-12T18:25:28                       5
================================================================================
[2025-01-12T18:25:37.926+0000] {manager.py:997} INFO - 
================================================================================
DAG File Processing Stats

File Path                               PID    Runtime      # DAGs    # Errors  Last Runtime    Last Run               Last # of DB Queries
--------------------------------------  -----  ---------  --------  ----------  --------------  -------------------  ----------------------
/opt/airflow/dags/utils/train_model.py                           0           1  2.57s           2025-01-12T18:25:28                       5
================================================================================
[2025-01-12T18:26:06.961+0000] {manager.py:997} INFO - 
================================================================================
DAG File Processing Stats

File Path                               PID    Runtime      # DAGs    # Errors  Last Runtime    Last Run               Last # of DB Queries
--------------------------------------  -----  ---------  --------  ----------  --------------  -------------------  ----------------------
/opt/airflow/dags/utils/train_model.py                           0           1  2.58s           2025-01-12T18:26:01                       5
================================================================================
[2025-01-12T18:26:08.406+0000] {manager.py:997} INFO - 
================================================================================
DAG File Processing Stats

File Path                               PID    Runtime      # DAGs    # Errors  Last Runtime    Last Run               Last # of DB Queries
--------------------------------------  -----  ---------  --------  ----------  --------------  -------------------  ----------------------
/opt/airflow/dags/utils/train_model.py                           0           1  2.56s           2025-01-12T18:26:01                       5
================================================================================
[2025-01-12T18:26:37.342+0000] {manager.py:997} INFO - 
================================================================================
DAG File Processing Stats

File Path                               PID    Runtime      # DAGs    # Errors  Last Runtime    Last Run               Last # of DB Queries
--------------------------------------  -----  ---------  --------  ----------  --------------  -------------------  ----------------------
/opt/airflow/dags/utils/train_model.py                           0           1  2.64s           2025-01-12T18:26:34                       5
================================================================================
[2025-01-12T18:26:38.638+0000] {manager.py:997} INFO - 
================================================================================
DAG File Processing Stats

File Path                               PID    Runtime      # DAGs    # Errors  Last Runtime    Last Run               Last # of DB Queries
--------------------------------------  -----  ---------  --------  ----------  --------------  -------------------  ----------------------
/opt/airflow/dags/utils/train_model.py                           0           1  2.67s           2025-01-12T18:26:34                       5
================================================================================
[2025-01-12T18:27:07.479+0000] {manager.py:997} INFO - 
================================================================================
DAG File Processing Stats

File Path                               PID    Runtime      # DAGs    # Errors  Last Runtime    Last Run               Last # of DB Queries
--------------------------------------  -----  ---------  --------  ----------  --------------  -------------------  ----------------------
/opt/airflow/dags/utils/train_model.py                           0           1  2.69s           2025-01-12T18:27:07                       5
================================================================================
[2025-01-12T18:27:09.428+0000] {manager.py:997} INFO - 
================================================================================
DAG File Processing Stats

File Path                               PID    Runtime      # DAGs    # Errors  Last Runtime    Last Run               Last # of DB Queries
--------------------------------------  -----  ---------  --------  ----------  --------------  -------------------  ----------------------
/opt/airflow/dags/utils/train_model.py                           0           1  2.60s           2025-01-12T18:27:07                       5
================================================================================
[2025-01-12T18:27:31.621+0000] {manager.py:821} INFO - Searching for files in /opt/airflow/dags
[2025-01-12T18:27:31.638+0000] {manager.py:821} INFO - Searching for files in /opt/airflow/dags
[2025-01-12T18:27:31.762+0000] {manager.py:824} INFO - There are 1 files in /opt/airflow/dags
[2025-01-12T18:27:31.763+0000] {manager.py:824} INFO - There are 1 files in /opt/airflow/dags
[2025-01-12T18:27:37.859+0000] {manager.py:997} INFO - 
================================================================================
DAG File Processing Stats

File Path                               PID    Runtime      # DAGs    # Errors  Last Runtime    Last Run               Last # of DB Queries
--------------------------------------  -----  ---------  --------  ----------  --------------  -------------------  ----------------------
/opt/airflow/dags/utils/train_model.py                           0           1  2.93s           2025-01-12T18:27:14                       5
================================================================================
[2025-01-12T18:27:39.877+0000] {manager.py:997} INFO - 
================================================================================
DAG File Processing Stats

File Path                               PID    Runtime      # DAGs    # Errors  Last Runtime    Last Run               Last # of DB Queries
--------------------------------------  -----  ---------  --------  ----------  --------------  -------------------  ----------------------
/opt/airflow/dags/utils/train_model.py                           0           1  2.97s           2025-01-12T18:27:14                       5
================================================================================
[2025-01-12T18:28:08.272+0000] {manager.py:997} INFO - 
================================================================================
DAG File Processing Stats

File Path                                 PID  Runtime      # DAGs    # Errors  Last Runtime    Last Run               Last # of DB Queries
--------------------------------------  -----  ---------  --------  ----------  --------------  -------------------  ----------------------
/opt/airflow/dags/utils/train_model.py    679  23.30s            0           1  2.93s           2025-01-12T18:27:14                       5
================================================================================
[2025-01-12T18:28:10.313+0000] {manager.py:997} INFO - 
================================================================================
DAG File Processing Stats

File Path                                 PID  Runtime      # DAGs    # Errors  Last Runtime    Last Run               Last # of DB Queries
--------------------------------------  -----  ---------  --------  ----------  --------------  -------------------  ----------------------
/opt/airflow/dags/utils/train_model.py    550  25.34s            0           1  2.97s           2025-01-12T18:27:14                       5
================================================================================
[2025-01-12T18:28:39.112+0000] {manager.py:997} INFO - 
================================================================================
DAG File Processing Stats

File Path                               PID    Runtime      # DAGs    # Errors  Last Runtime    Last Run               Last # of DB Queries
--------------------------------------  -----  ---------  --------  ----------  --------------  -------------------  ----------------------
/opt/airflow/dags/utils/train_model.py                           0           1  30.93s          2025-01-12T18:28:15                       5
================================================================================
[2025-01-12T18:28:40.918+0000] {manager.py:997} INFO - 
================================================================================
DAG File Processing Stats

File Path                               PID    Runtime      # DAGs    # Errors  Last Runtime    Last Run               Last # of DB Queries
--------------------------------------  -----  ---------  --------  ----------  --------------  -------------------  ----------------------
/opt/airflow/dags/utils/train_model.py                           0           1  30.63s          2025-01-12T18:28:15                       5
================================================================================
[2025-01-12T18:29:09.751+0000] {manager.py:997} INFO - 
================================================================================
DAG File Processing Stats

File Path                                 PID  Runtime      # DAGs    # Errors  Last Runtime    Last Run               Last # of DB Queries
--------------------------------------  -----  ---------  --------  ----------  --------------  -------------------  ----------------------
/opt/airflow/dags/utils/train_model.py    711  23.38s            0           1  30.93s          2025-01-12T18:28:15                       5
================================================================================
[2025-01-12T18:29:11.519+0000] {manager.py:997} INFO - 
================================================================================
DAG File Processing Stats

File Path                                 PID  Runtime      # DAGs    # Errors  Last Runtime    Last Run               Last # of DB Queries
--------------------------------------  -----  ---------  --------  ----------  --------------  -------------------  ----------------------
/opt/airflow/dags/utils/train_model.py    570  25.31s            0           1  30.63s          2025-01-12T18:28:15                       5
================================================================================
[2025-01-12T18:29:40.130+0000] {manager.py:997} INFO - 
================================================================================
DAG File Processing Stats

File Path                               PID    Runtime      # DAGs    # Errors  Last Runtime    Last Run               Last # of DB Queries
--------------------------------------  -----  ---------  --------  ----------  --------------  -------------------  ----------------------
/opt/airflow/dags/utils/train_model.py                           0           1  30.39s          2025-01-12T18:29:16                       5
================================================================================
[2025-01-12T18:29:41.945+0000] {manager.py:997} INFO - 
================================================================================
DAG File Processing Stats

File Path                               PID    Runtime      # DAGs    # Errors  Last Runtime    Last Run               Last # of DB Queries
--------------------------------------  -----  ---------  --------  ----------  --------------  -------------------  ----------------------
/opt/airflow/dags/utils/train_model.py                           0           1  30.38s          2025-01-12T18:29:16                       5
================================================================================
[2025-01-12T18:30:10.530+0000] {manager.py:997} INFO - 
================================================================================
DAG File Processing Stats

File Path                                 PID  Runtime      # DAGs    # Errors  Last Runtime    Last Run               Last # of DB Queries
--------------------------------------  -----  ---------  --------  ----------  --------------  -------------------  ----------------------
/opt/airflow/dags/utils/train_model.py    743  23.30s            0           1  30.39s          2025-01-12T18:29:16                       5
================================================================================
[2025-01-12T18:30:12.339+0000] {manager.py:997} INFO - 
================================================================================
DAG File Processing Stats

File Path                                 PID  Runtime      # DAGs    # Errors  Last Runtime    Last Run               Last # of DB Queries
--------------------------------------  -----  ---------  --------  ----------  --------------  -------------------  ----------------------
/opt/airflow/dags/utils/train_model.py    590  25.30s            0           1  30.38s          2025-01-12T18:29:16                       5
================================================================================
[2025-01-12T18:30:40.837+0000] {manager.py:997} INFO - 
================================================================================
DAG File Processing Stats

File Path                               PID    Runtime      # DAGs    # Errors  Last Runtime    Last Run               Last # of DB Queries
--------------------------------------  -----  ---------  --------  ----------  --------------  -------------------  ----------------------
/opt/airflow/dags/utils/train_model.py                           0           1  30.78s          2025-01-12T18:30:18                       5
================================================================================
[2025-01-12T18:30:42.758+0000] {manager.py:997} INFO - 
================================================================================
DAG File Processing Stats

File Path                               PID    Runtime      # DAGs    # Errors  Last Runtime    Last Run               Last # of DB Queries
--------------------------------------  -----  ---------  --------  ----------  --------------  -------------------  ----------------------
/opt/airflow/dags/utils/train_model.py                           0           1  31.80s          2025-01-12T18:30:18                       5
================================================================================
[2025-01-12T18:32:55.625+0000] {manager.py:483} INFO - Processing files using up to 2 processes at a time 
[2025-01-12T18:32:55.627+0000] {manager.py:484} INFO - Process each file at most once every 30 seconds
[2025-01-12T18:32:55.630+0000] {manager.py:485} INFO - Checking for new files in /opt/airflow/dags every 300 seconds
[2025-01-12T18:32:55.633+0000] {manager.py:821} INFO - Searching for files in /opt/airflow/dags
[2025-01-12T18:32:55.705+0000] {manager.py:483} INFO - Processing files using up to 2 processes at a time 
[2025-01-12T18:32:55.712+0000] {manager.py:484} INFO - Process each file at most once every 30 seconds
[2025-01-12T18:32:55.718+0000] {manager.py:485} INFO - Checking for new files in /opt/airflow/dags every 300 seconds
[2025-01-12T18:32:55.720+0000] {manager.py:821} INFO - Searching for files in /opt/airflow/dags
[2025-01-12T18:32:55.889+0000] {manager.py:824} INFO - There are 1 files in /opt/airflow/dags
[2025-01-12T18:32:55.917+0000] {manager.py:824} INFO - There are 1 files in /opt/airflow/dags
[2025-01-12T18:32:55.973+0000] {manager.py:997} INFO - 
================================================================================
DAG File Processing Stats

File Path                                 PID  Runtime      # DAGs    # Errors  Last Runtime    Last Run      Last # of DB Queries
--------------------------------------  -----  ---------  --------  ----------  --------------  ----------  ----------------------
/opt/airflow/dags/utils/train_model.py    164  0.02s             0           0                                                   0
================================================================================
[2025-01-12T18:32:56.008+0000] {manager.py:997} INFO - 
================================================================================
DAG File Processing Stats

File Path                                 PID  Runtime      # DAGs    # Errors  Last Runtime    Last Run      Last # of DB Queries
--------------------------------------  -----  ---------  --------  ----------  --------------  ----------  ----------------------
/opt/airflow/dags/utils/train_model.py    165  0.03s             0           0                                                   0
================================================================================
[2025-01-12T18:33:26.329+0000] {manager.py:997} INFO - 
================================================================================
DAG File Processing Stats

File Path                                 PID  Runtime      # DAGs    # Errors  Last Runtime    Last Run      Last # of DB Queries
--------------------------------------  -----  ---------  --------  ----------  --------------  ----------  ----------------------
/opt/airflow/dags/utils/train_model.py    164  30.38s            0           0                                                   0
================================================================================
[2025-01-12T18:33:26.331+0000] {manager.py:997} INFO - 
================================================================================
DAG File Processing Stats

File Path                                 PID  Runtime      # DAGs    # Errors  Last Runtime    Last Run      Last # of DB Queries
--------------------------------------  -----  ---------  --------  ----------  --------------  ----------  ----------------------
/opt/airflow/dags/utils/train_model.py    165  30.35s            0           0                                                   0
================================================================================
[2025-01-12T18:33:56.747+0000] {manager.py:997} INFO - 
================================================================================
DAG File Processing Stats

File Path                               PID    Runtime      # DAGs    # Errors  Last Runtime    Last Run               Last # of DB Queries
--------------------------------------  -----  ---------  --------  ----------  --------------  -------------------  ----------------------
/opt/airflow/dags/utils/train_model.py                           0           1  32.57s          2025-01-12T18:33:28                       3
================================================================================
[2025-01-12T18:33:56.748+0000] {manager.py:997} INFO - 
================================================================================
DAG File Processing Stats

File Path                               PID    Runtime      # DAGs    # Errors  Last Runtime    Last Run               Last # of DB Queries
--------------------------------------  -----  ---------  --------  ----------  --------------  -------------------  ----------------------
/opt/airflow/dags/utils/train_model.py                           0           1  33.51s          2025-01-12T18:33:29                       5
================================================================================
[2025-01-12T18:34:27.199+0000] {manager.py:997} INFO - 
================================================================================
DAG File Processing Stats

File Path                                 PID  Runtime      # DAGs    # Errors  Last Runtime    Last Run               Last # of DB Queries
--------------------------------------  -----  ---------  --------  ----------  --------------  -------------------  ----------------------
/opt/airflow/dags/utils/train_model.py    203  28.40s            0           1  32.57s          2025-01-12T18:33:28                       3
================================================================================
[2025-01-12T18:34:27.202+0000] {manager.py:997} INFO - 
================================================================================
DAG File Processing Stats

File Path                                 PID  Runtime      # DAGs    # Errors  Last Runtime    Last Run               Last # of DB Queries
--------------------------------------  -----  ---------  --------  ----------  --------------  -------------------  ----------------------
/opt/airflow/dags/utils/train_model.py    190  27.40s            0           1  33.51s          2025-01-12T18:33:29                       5
================================================================================
[2025-01-12T18:34:57.621+0000] {manager.py:997} INFO - 
================================================================================
DAG File Processing Stats

File Path                               PID    Runtime      # DAGs    # Errors  Last Runtime    Last Run               Last # of DB Queries
--------------------------------------  -----  ---------  --------  ----------  --------------  -------------------  ----------------------
/opt/airflow/dags/utils/train_model.py                           0           1  32.00s          2025-01-12T18:34:30                       5
================================================================================
[2025-01-12T18:34:57.627+0000] {manager.py:997} INFO - 
================================================================================
DAG File Processing Stats

File Path                               PID    Runtime      # DAGs    # Errors  Last Runtime    Last Run               Last # of DB Queries
--------------------------------------  -----  ---------  --------  ----------  --------------  -------------------  ----------------------
/opt/airflow/dags/utils/train_model.py                           0           1  31.49s          2025-01-12T18:34:31                       5
================================================================================
[2025-01-12T18:35:27.651+0000] {manager.py:997} INFO - 
================================================================================
DAG File Processing Stats

File Path                                 PID  Runtime      # DAGs    # Errors  Last Runtime    Last Run               Last # of DB Queries
--------------------------------------  -----  ---------  --------  ----------  --------------  -------------------  ----------------------
/opt/airflow/dags/utils/train_model.py    234  26.44s            0           1  32.00s          2025-01-12T18:34:30                       5
================================================================================
[2025-01-12T18:35:28.002+0000] {manager.py:997} INFO - 
================================================================================
DAG File Processing Stats

File Path                                 PID  Runtime      # DAGs    # Errors  Last Runtime    Last Run               Last # of DB Queries
--------------------------------------  -----  ---------  --------  ----------  --------------  -------------------  ----------------------
/opt/airflow/dags/utils/train_model.py    210  26.31s            0           1  31.49s          2025-01-12T18:34:31                       5
================================================================================
[2025-01-12T18:35:58.007+0000] {manager.py:997} INFO - 
================================================================================
DAG File Processing Stats

File Path                               PID    Runtime      # DAGs    # Errors  Last Runtime    Last Run               Last # of DB Queries
--------------------------------------  -----  ---------  --------  ----------  --------------  -------------------  ----------------------
/opt/airflow/dags/utils/train_model.py                           0           1  30.70s          2025-01-12T18:35:31                       5
================================================================================
[2025-01-12T18:35:58.330+0000] {manager.py:997} INFO - 
================================================================================
DAG File Processing Stats

File Path                               PID    Runtime      # DAGs    # Errors  Last Runtime    Last Run               Last # of DB Queries
--------------------------------------  -----  ---------  --------  ----------  --------------  -------------------  ----------------------
/opt/airflow/dags/utils/train_model.py                           0           1  30.56s          2025-01-12T18:35:32                       5
================================================================================
[2025-01-12T18:36:28.484+0000] {manager.py:997} INFO - 
================================================================================
DAG File Processing Stats

File Path                                 PID  Runtime      # DAGs    # Errors  Last Runtime    Last Run               Last # of DB Queries
--------------------------------------  -----  ---------  --------  ----------  --------------  -------------------  ----------------------
/opt/airflow/dags/utils/train_model.py    266  26.35s            0           1  30.70s          2025-01-12T18:35:31                       5
================================================================================
[2025-01-12T18:36:28.828+0000] {manager.py:997} INFO - 
================================================================================
DAG File Processing Stats

File Path                                 PID  Runtime      # DAGs    # Errors  Last Runtime    Last Run               Last # of DB Queries
--------------------------------------  -----  ---------  --------  ----------  --------------  -------------------  ----------------------
/opt/airflow/dags/utils/train_model.py    230  26.40s            0           1  30.56s          2025-01-12T18:35:32                       5
================================================================================
[2025-01-12T18:36:58.668+0000] {manager.py:997} INFO - 
================================================================================
DAG File Processing Stats

File Path                               PID    Runtime      # DAGs    # Errors  Last Runtime    Last Run               Last # of DB Queries
--------------------------------------  -----  ---------  --------  ----------  --------------  -------------------  ----------------------
/opt/airflow/dags/utils/train_model.py                           0           1  30.20s          2025-01-12T18:36:32                       5
================================================================================
[2025-01-12T18:36:59.284+0000] {manager.py:997} INFO - 
================================================================================
DAG File Processing Stats

File Path                               PID    Runtime      # DAGs    # Errors  Last Runtime    Last Run               Last # of DB Queries
--------------------------------------  -----  ---------  --------  ----------  --------------  -------------------  ----------------------
/opt/airflow/dags/utils/train_model.py                           0           1  30.78s          2025-01-12T18:36:33                       5
================================================================================
[2025-01-12T18:37:29.142+0000] {manager.py:997} INFO - 
================================================================================
DAG File Processing Stats

File Path                                 PID  Runtime      # DAGs    # Errors  Last Runtime    Last Run               Last # of DB Queries
--------------------------------------  -----  ---------  --------  ----------  --------------  -------------------  ----------------------
/opt/airflow/dags/utils/train_model.py    298  26.38s            0           1  30.20s          2025-01-12T18:36:32                       5
================================================================================
[2025-01-12T18:37:29.678+0000] {manager.py:997} INFO - 
================================================================================
DAG File Processing Stats

File Path                                 PID  Runtime      # DAGs    # Errors  Last Runtime    Last Run               Last # of DB Queries
--------------------------------------  -----  ---------  --------  ----------  --------------  -------------------  ----------------------
/opt/airflow/dags/utils/train_model.py    250  26.32s            0           1  30.78s          2025-01-12T18:36:33                       5
================================================================================
[2025-01-12T18:37:55.724+0000] {manager.py:821} INFO - Searching for files in /opt/airflow/dags
[2025-01-12T18:37:55.875+0000] {manager.py:824} INFO - There are 1 files in /opt/airflow/dags
[2025-01-12T18:37:56.227+0000] {manager.py:821} INFO - Searching for files in /opt/airflow/dags
[2025-01-12T18:37:56.411+0000] {manager.py:824} INFO - There are 1 files in /opt/airflow/dags
[2025-01-12T18:37:59.942+0000] {manager.py:997} INFO - 
================================================================================
DAG File Processing Stats

File Path                                 PID  Runtime      # DAGs    # Errors  Last Runtime    Last Run               Last # of DB Queries
--------------------------------------  -----  ---------  --------  ----------  --------------  -------------------  ----------------------
/opt/airflow/dags/utils/train_model.py    324  25.46s            0           1  30.84s          2025-01-12T18:37:33                       5
================================================================================
[2025-01-12T18:38:00.517+0000] {manager.py:997} INFO - 
================================================================================
DAG File Processing Stats

File Path                                 PID  Runtime      # DAGs    # Errors  Last Runtime    Last Run               Last # of DB Queries
--------------------------------------  -----  ---------  --------  ----------  --------------  -------------------  ----------------------
/opt/airflow/dags/utils/train_model.py    270  25.57s            0           1  30.67s          2025-01-12T18:37:34                       5
================================================================================
[2025-01-12T18:38:30.328+0000] {manager.py:997} INFO - 
================================================================================
DAG File Processing Stats

File Path                                 PID  Runtime      # DAGs    # Errors  Last Runtime    Last Run               Last # of DB Queries
--------------------------------------  -----  ---------  --------  ----------  --------------  -------------------  ----------------------
/opt/airflow/dags/utils/train_model.py    356  4.56s             0           1  30.97s          2025-01-12T18:38:05                       5
================================================================================
[2025-01-12T18:38:30.717+0000] {manager.py:997} INFO - 
================================================================================
DAG File Processing Stats

File Path                                 PID  Runtime      # DAGs    # Errors  Last Runtime    Last Run               Last # of DB Queries
--------------------------------------  -----  ---------  --------  ----------  --------------  -------------------  ----------------------
/opt/airflow/dags/utils/train_model.py    290  5.06s             0           1  30.37s          2025-01-12T18:38:05                       5
================================================================================
[2025-01-12T18:39:00.546+0000] {manager.py:997} INFO - 
================================================================================
DAG File Processing Stats

File Path                               PID    Runtime      # DAGs    # Errors  Last Runtime    Last Run               Last # of DB Queries
--------------------------------------  -----  ---------  --------  ----------  --------------  -------------------  ----------------------
/opt/airflow/dags/utils/train_model.py                           0           1  30.71s          2025-01-12T18:38:56                       5
================================================================================
[2025-01-12T18:39:01.268+0000] {manager.py:997} INFO - 
================================================================================
DAG File Processing Stats

File Path                               PID    Runtime      # DAGs    # Errors  Last Runtime    Last Run               Last # of DB Queries
--------------------------------------  -----  ---------  --------  ----------  --------------  -------------------  ----------------------
/opt/airflow/dags/utils/train_model.py                           0           1  30.51s          2025-01-12T18:38:56                       5
================================================================================
[2025-01-12T18:39:30.706+0000] {manager.py:997} INFO - 
================================================================================
DAG File Processing Stats

File Path                                 PID  Runtime      # DAGs    # Errors  Last Runtime    Last Run               Last # of DB Queries
--------------------------------------  -----  ---------  --------  ----------  --------------  -------------------  ----------------------
/opt/airflow/dags/utils/train_model.py    382  22.23s            0           1  30.71s          2025-01-12T18:38:56                       5
================================================================================
[2025-01-12T18:39:31.604+0000] {manager.py:997} INFO - 
================================================================================
DAG File Processing Stats

File Path                                 PID  Runtime      # DAGs    # Errors  Last Runtime    Last Run               Last # of DB Queries
--------------------------------------  -----  ---------  --------  ----------  --------------  -------------------  ----------------------
/opt/airflow/dags/utils/train_model.py    310  23.12s            0           1  30.51s          2025-01-12T18:38:56                       5
================================================================================
